<?xml version="1.0" encoding="UTF-8"?>
<!-- Generated by org.testng.reporters.JUnitReportReporter -->
<testsuite skipped="0" hostname="LAPTOP-O7BRKD6N" name="practice.P2" tests="1" failures="0" timestamp="2022-09-06T10:44:03 IST" time="0.002" errors="0">
  <testcase name="test2" time="0.002" classname="practice.P2"/>
  <system-out/>
</testsuite> <!-- practice.P2 -->
