<?xml version="1.0" encoding="UTF-8"?>
<!-- Generated by org.testng.reporters.JUnitReportReporter -->
<testsuite skipped="0" hostname="LAPTOP-O7BRKD6N" name="practice.P1" tests="1" failures="0" timestamp="2022-09-06T10:44:03 IST" time="0.010" errors="0">
  <testcase name="test1" time="0.010" classname="practice.P1"/>
  <system-out/>
</testsuite> <!-- practice.P1 -->
