<?xml version="1.0" encoding="UTF-8"?>
<!-- Generated by org.testng.reporters.JUnitReportReporter -->
<testsuite skipped="0" hostname="LAPTOP-O7BRKD6N" name="parallelExecution.Parallel" tests="2" failures="0" timestamp="2022-09-06T14:41:56 IST" time="17.379" errors="0">
  <testcase name="login" time="10.765" classname="parallelExecution.Parallel"/>
  <system-out/>
  <testcase name="login" time="6.614" classname="parallelExecution.Parallel"/>
  <system-out/>
</testsuite> <!-- parallelExecution.Parallel -->
