<?xml version="1.0" encoding="UTF-8"?>
<!-- Generated by org.testng.reporters.JUnitReportReporter -->
<testsuite skipped="0" hostname="LAPTOP-O7BRKD6N" name="batchExecution.P3" tests="1" failures="0" timestamp="2022-09-06T11:18:46 IST" time="0.002" errors="0">
  <testcase name="test3" time="0.002" classname="batchExecution.P3"/>
  <system-out/>
</testsuite> <!-- batchExecution.P3 -->
