<?xml version="1.0" encoding="UTF-8"?>
<!-- Generated by org.testng.reporters.JUnitReportReporter -->
<testsuite skipped="0" hostname="LAPTOP-O7BRKD6N" name="batchExecution.P2" tests="1" failures="0" timestamp="2022-09-06T11:18:46 IST" time="0.001" errors="0">
  <testcase name="test2" time="0.001" classname="batchExecution.P2"/>
  <system-out/>
</testsuite> <!-- batchExecution.P2 -->
