<?xml version="1.0" encoding="UTF-8"?>
<!-- Generated by org.testng.reporters.JUnitReportReporter -->
<testsuite skipped="0" hostname="LAPTOP-O7BRKD6N" name="grouping.P1" tests="4" failures="0" timestamp="2022-09-06T11:19:20 IST" time="0.020" errors="0">
  <testcase name="test3" time="0.015" classname="grouping.P1"/>
  <system-out/>
  <testcase name="test6" time="0.002" classname="grouping.P1"/>
  <system-out/>
  <testcase name="test5" time="0.002" classname="grouping.P1"/>
  <system-out/>
  <testcase name="test4" time="0.001" classname="grouping.P1"/>
  <system-out/>
</testsuite> <!-- grouping.P1 -->
